#
# A fatal error has been detected by the Java Runtime Environment:
#
#  Internal Error (classFileParser.cpp:3470), pid=30048, tid=29500
#  Error: ShouldNotReachHere()
#
# JRE version: 7.0_01-b08
# Java VM: Java HotSpot(TM) Client VM (21.1-b02 mixed mode windows-x86 )
# Failed to write core dump. Minidumps are not enabled by default on client versions of Windows
#
# If you would like to submit a bug report, please visit:
#   http://bugreport.sun.com/bugreport/crash.jsp
#

---------------  T H R E A D  ---------------

Current thread (0x0193a400):  JavaThread "Unknown thread" [_thread_in_vm, id=29500, stack(0x019a0000,0x019f0000)]

Stack: [0x019a0000,0x019f0000],  sp=0x019ef1a4,  free space=316k
Native frames: (J=compiled Java code, j=interpreted, Vv=VM code, C=native code)
V  [jvm.dll+0x1630e1]
V  [jvm.dll+0x15dcfb]
V  [jvm.dll+0x18e37]
V  [jvm.dll+0x1a6a8]
V  [jvm.dll+0x2a42f]
V  [jvm.dll+0x2b818]
V  [jvm.dll+0x2bedb]
V  [jvm.dll+0x2bf2a]
V  [jvm.dll+0x2c07d]
V  [jvm.dll+0x2c15a]
V  [jvm.dll+0x2c3d7]
V  [jvm.dll+0x73cb1]
V  [jvm.dll+0x7406b]
V  [jvm.dll+0x121a7c]
V  [jvm.dll+0x14382a]
V  [jvm.dll+0xa2940]
C  [javaw.exe+0x1359]
C  [javaw.exe+0x1dc9]
C  [javaw.exe+0xa0cb]
C  [javaw.exe+0xa155]
C  [kernel32.dll+0x4ed6c]  BaseThreadInitThunk+0x12
C  [ntdll.dll+0x6377b]  RtlInitializeExceptionChain+0xef
C  [ntdll.dll+0x6374e]  RtlInitializeExceptionChain+0xc2


---------------  P R O C E S S  ---------------

Java Threads: ( => current thread )

Other Threads:

=>0x0193a400 (exited) JavaThread "Unknown thread" [_thread_in_vm, id=29500, stack(0x019a0000,0x019f0000)]

VM state:not at safepoint (not fully initialized)

VM Mutex/Monitor currently owned by a thread: None

Dynamic libraries:
0x00100000 - 0x0012f000 	C:\Program Files\Java\jre7\bin\javaw.exe
0x77400000 - 0x7753c000 	C:\Windows\SYSTEM32\ntdll.dll
0x76110000 - 0x761e4000 	C:\Windows\system32\kernel32.dll
0x755f0000 - 0x7563a000 	C:\Windows\system32\KERNELBASE.dll
0x76050000 - 0x760f0000 	C:\Windows\system32\ADVAPI32.dll
0x75c70000 - 0x75d1c000 	C:\Windows\system32\msvcrt.dll
0x759a0000 - 0x759b9000 	C:\Windows\SYSTEM32\sechost.dll
0x75bc0000 - 0x75c61000 	C:\Windows\system32\RPCRT4.dll
0x76f80000 - 0x77049000 	C:\Windows\system32\USER32.dll
0x77060000 - 0x770ae000 	C:\Windows\system32\GDI32.dll
0x77050000 - 0x7705a000 	C:\Windows\system32\LPK.dll
0x761f0000 - 0x7628d000 	C:\Windows\system32\USP10.dll
0x74290000 - 0x7442e000 	C:\Windows\WinSxS\x86_microsoft.windows.common-controls_6595b64144ccf1df_6.0.7601.17514_none_41e6975e2bd6f2b2\COMCTL32.dll
0x77250000 - 0x772a7000 	C:\Windows\system32\SHLWAPI.dll
0x760f0000 - 0x7610f000 	C:\Windows\system32\IMM32.DLL
0x77560000 - 0x7762c000 	C:\Windows\system32\MSCTF.dll
0x715a0000 - 0x7165e000 	C:\Program Files\Java\jre7\bin\msvcr100.dll
0x65d10000 - 0x66031000 	C:\Program Files\Java\jre7\bin\client\jvm.dll
0x727e0000 - 0x727e7000 	C:\Windows\system32\WSOCK32.dll
0x773c0000 - 0x773f5000 	C:\Windows\system32\WS2_32.dll
0x76290000 - 0x76296000 	C:\Windows\system32\NSI.dll
0x73aa0000 - 0x73ad2000 	C:\Windows\system32\WINMM.dll
0x77550000 - 0x77555000 	C:\Windows\system32\PSAPI.DLL
0x73780000 - 0x7378c000 	C:\Program Files\Java\jre7\bin\verify.dll
0x73760000 - 0x73780000 	C:\Program Files\Java\jre7\bin\java.dll
0x73740000 - 0x73753000 	C:\Program Files\Java\jre7\bin\zip.dll

VM Arguments:
jvm_args: -Dfile.encoding=GBK -Xbootclasspath:C:\Program Files\Android\android-sdk\platforms\android-10\android.jar 
java_command: cn.edu.nju.software.yy.getData.CourseInfo
Launcher Type: SUN_STANDARD

Environment Variables:
JAVA_HOME=C:\Program Files\Java\jdk1.7.0
CLASSPATH=.;C:\Program Files\Java\jdk1.7.0/lib/dt.jar;C:\Program Files\Java\jdk1.7.0/lib/tool.jar
PATH=C:/Program Files/Java/jre7/bin/client;C:/Program Files/Java/jre7/bin;C:/Program Files/Java/jre7/lib/i386;C:\Windows\system32;C:\Windows;C:\Windows\System32\Wbem;C:\Windows\System32\WindowsPowerShell\v1.0\;C:\Program Files\Intel\DMIX;D:\TortoiseSVN\bin;d:\MATLAB\R2011a\runtime\win32;d:\MATLAB\R2011a\bin;C:\Program Files\Microsoft SQL Server\100\Tools\Binn\;C:\Program Files\Microsoft SQL Server\100\DTS\Binn\;C:\Program Files\Microsoft SQL Server\100\Tools\Binn\VSShell\Common7\IDE\;C:\Program Files\Java\jdk1.7.0/bin;JAVA_HOME/jre/bin;C:\Program Files\Microsoft Visual Studio 9.0\Common7\IDE\PrivateAssemblies\;C:\CTEX\UserData\miktex\bin;C:\CTEX\MiKTeX\miktex\bin;C:\CTEX\CTeX\ctex\bin;C:\CTEX\CTeX\cct\bin;C:\CTEX\CTeX\ty\bin;C:\CTEX\Ghostscript\gs9.00\bin;C:\CTEX\GSview\gsview;C:\CORBA\omniORB-4.1.4\bin\x86_win32;;D:\eclipse;
USERNAME=softwware
OS=Windows_NT
PROCESSOR_IDENTIFIER=x86 Family 6 Model 42 Stepping 7, GenuineIntel



---------------  S Y S T E M  ---------------

OS: Windows 7 Build 7601 Service Pack 1

CPU:total 4 (2 cores per cpu, 2 threads per core) family 6 model 42 stepping 7, cmov, cx8, fxsr, mmx, sse, sse2, sse3, ssse3, sse4.1, sse4.2, popcnt, ht

Memory: 4k page, physical 3319824k(1265076k free), swap 6637892k(4330356k free)

vm_info: Java HotSpot(TM) Client VM (21.1-b02) for windows-x86 JRE (1.7.0_01-b08), built on Oct  3 2011 02:11:36 by "java_re" with unknown MS VC++:1600

time: Sat Mar 31 15:36:40 2012
elapsed time: 0 seconds

